This is pdfTeX, Version 3.14159265-2.6-1.40.16 (TeX Live 2015/W32TeX) (preloaded format=pdflatex 2015.11.10)  10 MAY 2016 13:11
entering extended mode
 restricted \write18 enabled.
 %&-line parsing enabled.
**./MotsingerReport.tex
(./MotsingerReport.tex
LaTeX2e <2015/10/01> patch level 2
Babel <3.9m> and hyphenation patterns for 79 languages loaded.
(c:/texlive/2015/texmf-dist/tex/latex/base/article.cls
Document Class: article 2014/09/29 v1.4h Standard LaTeX document class
(c:/texlive/2015/texmf-dist/tex/latex/base/size12.clo
File: size12.clo 2014/09/29 v1.4h Standard LaTeX file (size option)
)
\c@part=\count79
\c@section=\count80
\c@subsection=\count81
\c@subsubsection=\count82
\c@paragraph=\count83
\c@subparagraph=\count84
\c@figure=\count85
\c@table=\count86
\abovecaptionskip=\skip41
\belowcaptionskip=\skip42
\bibindent=\dimen102
)
(c:/texlive/2015/texmf-dist/tex/latex/preprint/fullpage.sty
Package: fullpage 1999/02/23 1.1 (PWD)
\FP@margin=\skip43
)
(c:/texlive/2015/texmf-dist/tex/latex/amsfonts/amssymb.sty
Package: amssymb 2013/01/14 v3.01 AMS font symbols

(c:/texlive/2015/texmf-dist/tex/latex/amsfonts/amsfonts.sty
Package: amsfonts 2013/01/14 v3.01 Basic AMSFonts support
\@emptytoks=\toks14
\symAMSa=\mathgroup4
\symAMSb=\mathgroup5
LaTeX Font Info:    Overwriting math alphabet `\mathfrak' in version `bold'
(Font)                  U/euf/m/n --> U/euf/b/n on input line 106.
))
(c:/texlive/2015/texmf-dist/tex/latex/amscls/amsthm.sty
Package: amsthm 2015/03/04 v2.20.2
\thm@style=\toks15
\thm@bodyfont=\toks16
\thm@headfont=\toks17
\thm@notefont=\toks18
\thm@headpunct=\toks19
\thm@preskip=\skip44
\thm@postskip=\skip45
\thm@headsep=\skip46
\dth@everypar=\toks20
)
(c:/texlive/2015/texmf-dist/tex/latex/amsmath/amsmath.sty
Package: amsmath 2013/01/14 v2.14 AMS math features
\@mathmargin=\skip47

For additional information on amsmath, use the `?' option.
(c:/texlive/2015/texmf-dist/tex/latex/amsmath/amstext.sty
Package: amstext 2000/06/29 v2.01

(c:/texlive/2015/texmf-dist/tex/latex/amsmath/amsgen.sty
File: amsgen.sty 1999/11/30 v2.0
\@emptytoks=\toks21
\ex@=\dimen103
))
(c:/texlive/2015/texmf-dist/tex/latex/amsmath/amsbsy.sty
Package: amsbsy 1999/11/29 v1.2d
\pmbraise@=\dimen104
)
(c:/texlive/2015/texmf-dist/tex/latex/amsmath/amsopn.sty
Package: amsopn 1999/12/14 v2.01 operator names
)
\inf@bad=\count87
LaTeX Info: Redefining \frac on input line 210.
\uproot@=\count88
\leftroot@=\count89
LaTeX Info: Redefining \overline on input line 306.
\classnum@=\count90
\DOTSCASE@=\count91
LaTeX Info: Redefining \ldots on input line 378.
LaTeX Info: Redefining \dots on input line 381.
LaTeX Info: Redefining \cdots on input line 466.
\Mathstrutbox@=\box26
\strutbox@=\box27
\big@size=\dimen105
LaTeX Font Info:    Redeclaring font encoding OML on input line 566.
LaTeX Font Info:    Redeclaring font encoding OMS on input line 567.
\macc@depth=\count92
\c@MaxMatrixCols=\count93
\dotsspace@=\muskip10
\c@parentequation=\count94
\dspbrk@lvl=\count95
\tag@help=\toks22
\row@=\count96
\column@=\count97
\maxfields@=\count98
\andhelp@=\toks23
\eqnshift@=\dimen106
\alignsep@=\dimen107
\tagshift@=\dimen108
\tagwidth@=\dimen109
\totwidth@=\dimen110
\lineht@=\dimen111
\@envbody=\toks24
\multlinegap=\skip48
\multlinetaggap=\skip49
\mathdisplay@stack=\toks25
LaTeX Info: Redefining \[ on input line 2665.
LaTeX Info: Redefining \] on input line 2666.
)
(c:/texlive/2015/texmf-dist/tex/latex/tools/bm.sty
Package: bm 2014/10/28 v1.1c Bold Symbol Support (DPC/FMi)
\symboldoperators=\mathgroup6
\symboldletters=\mathgroup7
\symboldsymbols=\mathgroup8
LaTeX Font Info:    Redeclaring math alphabet \mathbf on input line 141.
LaTeX Info: Redefining \bm on input line 207.
)
(c:/texlive/2015/texmf-dist/tex/latex/graphics/graphicx.sty
Package: graphicx 2014/10/28 v1.0g Enhanced LaTeX Graphics (DPC,SPQR)

(c:/texlive/2015/texmf-dist/tex/latex/graphics/keyval.sty
Package: keyval 2014/10/28 v1.15 key=value parser (DPC)
\KV@toks@=\toks26
)
(c:/texlive/2015/texmf-dist/tex/latex/graphics/graphics.sty
Package: graphics 2014/10/28 v1.0p Standard LaTeX Graphics (DPC,SPQR)

(c:/texlive/2015/texmf-dist/tex/latex/graphics/trig.sty
Package: trig 1999/03/16 v1.09 sin cos tan (DPC)
)
(c:/texlive/2015/texmf-dist/tex/latex/latexconfig/graphics.cfg
File: graphics.cfg 2010/04/23 v1.9 graphics configuration of TeX Live
)
Package graphics Info: Driver file: pdftex.def on input line 94.

(c:/texlive/2015/texmf-dist/tex/latex/pdftex-def/pdftex.def
File: pdftex.def 2011/05/27 v0.06d Graphics/color for pdfTeX

(c:/texlive/2015/texmf-dist/tex/generic/oberdiek/infwarerr.sty
Package: infwarerr 2010/04/08 v1.3 Providing info/warning/error messages (HO)
)
(c:/texlive/2015/texmf-dist/tex/generic/oberdiek/ltxcmds.sty
Package: ltxcmds 2011/11/09 v1.22 LaTeX kernel commands for general use (HO)
)
\Gread@gobject=\count99
))
\Gin@req@height=\dimen112
\Gin@req@width=\dimen113
)
(c:/texlive/2015/texmf-dist/tex/latex/subfig/subfig.sty
Package: subfig 2005/06/28 ver: 1.3 subfig package

(c:/texlive/2015/texmf-dist/tex/latex/caption/caption.sty
Package: caption 2015/09/17 v3.3-111 Customizing captions (AR)

(c:/texlive/2015/texmf-dist/tex/latex/caption/caption3.sty
Package: caption3 2015/09/20 v1.7-115 caption3 kernel (AR)
Package caption3 Info: TeX engine: e-TeX on input line 57.
\captionmargin=\dimen114
\captionmargin@=\dimen115
\captionwidth=\dimen116
\caption@tempdima=\dimen117
\caption@indent=\dimen118
\caption@parindent=\dimen119
\caption@hangindent=\dimen120
)
\c@ContinuedFloat=\count100
)
\c@KVtest=\count101
\sf@farskip=\skip50
\sf@captopadj=\dimen121
\sf@capskip=\skip51
\sf@nearskip=\skip52
\c@subfigure=\count102
\c@subfigure@save=\count103
\c@lofdepth=\count104
\c@subtable=\count105
\c@subtable@save=\count106
\c@lotdepth=\count107
\sf@top=\skip53
\sf@bottom=\skip54
)
(c:/texlive/2015/texmf-dist/tex/latex/natbib/natbib.sty
Package: natbib 2010/09/13 8.31b (PWD, AO)
\bibhang=\skip55
\bibsep=\skip56
LaTeX Info: Redefining \cite on input line 694.
\c@NAT@ctr=\count108
)
(c:/texlive/2015/texmf-dist/tex/latex/tools/verbatim.sty
Package: verbatim 2014/10/28 v1.5q LaTeX2e package for verbatim enhancements
\every@verbatim=\toks27
\verbatim@line=\toks28
\verbatim@in@stream=\read1
)
(c:/texlive/2015/texmf-dist/tex/latex/lineno/lineno.sty
Package: lineno 2005/11/02 line numbers on paragraphs v4.41
\linenopenalty=\count109
\output=\toks29
\linenoprevgraf=\count110
\linenumbersep=\dimen122
\linenumberwidth=\dimen123
\c@linenumber=\count111
\c@pagewiselinenumber=\count112
\c@LN@truepage=\count113
\c@internallinenumber=\count114
\c@internallinenumbers=\count115
\quotelinenumbersep=\dimen124
\bframerule=\dimen125
\bframesep=\dimen126
\bframebox=\box28
LaTeX Info: Redefining \\ on input line 3056.
)
(c:/texlive/2015/texmf-dist/tex/latex/psnfss/times.sty
Package: times 2005/04/12 PSNFSS-v9.2a (SPQR) 
)
(c:/texlive/2015/texmf-dist/tex/latex/oberdiek/epstopdf.sty
Package: epstopdf 2010/02/09 v2.5 Conversion with epstopdf on the fly (HO)

(c:/texlive/2015/texmf-dist/tex/latex/oberdiek/epstopdf-base.sty
Package: epstopdf-base 2010/02/09 v2.5 Base part for package epstopdf

(c:/texlive/2015/texmf-dist/tex/latex/oberdiek/grfext.sty
Package: grfext 2010/08/19 v1.1 Manage graphics extensions (HO)

(c:/texlive/2015/texmf-dist/tex/generic/oberdiek/kvdefinekeys.sty
Package: kvdefinekeys 2011/04/07 v1.3 Define keys (HO)
))
(c:/texlive/2015/texmf-dist/tex/latex/oberdiek/kvoptions.sty
Package: kvoptions 2011/06/30 v3.11 Key value format for package options (HO)

(c:/texlive/2015/texmf-dist/tex/generic/oberdiek/kvsetkeys.sty
Package: kvsetkeys 2012/04/25 v1.16 Key value parser (HO)

(c:/texlive/2015/texmf-dist/tex/generic/oberdiek/etexcmds.sty
Package: etexcmds 2011/02/16 v1.5 Avoid name clashes with e-TeX commands (HO)

(c:/texlive/2015/texmf-dist/tex/generic/oberdiek/ifluatex.sty
Package: ifluatex 2010/03/01 v1.3 Provides the ifluatex switch (HO)
Package ifluatex Info: LuaTeX not detected.
)
Package etexcmds Info: Could not find \expanded.
(etexcmds)             That can mean that you are not using pdfTeX 1.50 or
(etexcmds)             that some package has redefined \expanded.
(etexcmds)             In the latter case, load this package earlier.
)))
(c:/texlive/2015/texmf-dist/tex/generic/oberdiek/pdftexcmds.sty
Package: pdftexcmds 2011/11/29 v0.20 Utility functions of pdfTeX for LuaTeX (HO
)

(c:/texlive/2015/texmf-dist/tex/generic/oberdiek/ifpdf.sty
Package: ifpdf 2011/01/30 v2.3 Provides the ifpdf switch (HO)
Package ifpdf Info: pdfTeX in PDF mode is detected.
)
Package pdftexcmds Info: LuaTeX not detected.
Package pdftexcmds Info: \pdf@primitive is available.
Package pdftexcmds Info: \pdf@ifprimitive is available.
Package pdftexcmds Info: \pdfdraftmode found.
)
Package grfext Info: Graphics extension search list:
(grfext)             [.png,.pdf,.jpg,.mps,.jpeg,.jbig2,.jb2,.PNG,.PDF,.JPG,.JPE
G,.JBIG2,.JB2,.eps]
(grfext)             \AppendGraphicsExtensions on input line 452.

(c:/texlive/2015/texmf-dist/tex/latex/latexconfig/epstopdf-sys.cfg
File: epstopdf-sys.cfg 2010/07/13 v1.3 Configuration of (r)epstopdf for TeX Liv
e
)))
(c:/texlive/2015/texmf-dist/tex/latex/tools/multicol.sty
Package: multicol 2015/08/19 v1.8n multicolumn formatting (FMi)
\c@tracingmulticols=\count116
\mult@box=\box29
\multicol@leftmargin=\dimen127
\c@unbalance=\count117
\c@collectmore=\count118
\doublecol@number=\count119
\multicoltolerance=\count120
\multicolpretolerance=\count121
\full@width=\dimen128
\page@free=\dimen129
\premulticols=\dimen130
\postmulticols=\dimen131
\multicolsep=\skip57
\multicolbaselineskip=\skip58
\partial@page=\box30
\last@line=\box31
\maxbalancingoverflow=\dimen132
\mult@rightbox=\box32
\mult@grightbox=\box33
\mult@gfirstbox=\box34
\mult@firstbox=\box35
\@tempa=\box36
\@tempa=\box37
\@tempa=\box38
\@tempa=\box39
\@tempa=\box40
\@tempa=\box41
\@tempa=\box42
\@tempa=\box43
\@tempa=\box44
\@tempa=\box45
\@tempa=\box46
\@tempa=\box47
\@tempa=\box48
\@tempa=\box49
\@tempa=\box50
\@tempa=\box51
\@tempa=\box52
\c@columnbadness=\count122
\c@finalcolumnbadness=\count123
\last@try=\dimen133
\multicolovershoot=\dimen134
\multicolundershoot=\dimen135
\mult@nat@firstbox=\box53
\colbreak@box=\box54
\mc@col@check@num=\count124
)
(c:/texlive/2015/texmf-dist/tex/latex/tools/afterpage.sty
Package: afterpage 2014/10/28 v1.08 After-Page Package (DPC)
\AP@output=\toks30
\AP@partial=\box55
\AP@footins=\box56
)
\c@corollary=\count125
\c@proposition=\count126
\c@lemma=\count127
\c@theorem=\count128
\c@mydef=\count129
\c@mythm=\count130
\c@mylemma=\count131
\c@myproposition=\count132
\c@mycor=\count133

(./MotsingerReport.aux)
\openout1 = `MotsingerReport.aux'.

LaTeX Font Info:    Checking defaults for OML/cmm/m/it on input line 103.
LaTeX Font Info:    ... okay on input line 103.
LaTeX Font Info:    Checking defaults for T1/cmr/m/n on input line 103.
LaTeX Font Info:    ... okay on input line 103.
LaTeX Font Info:    Checking defaults for OT1/cmr/m/n on input line 103.
LaTeX Font Info:    ... okay on input line 103.
LaTeX Font Info:    Checking defaults for OMS/cmsy/m/n on input line 103.
LaTeX Font Info:    ... okay on input line 103.
LaTeX Font Info:    Checking defaults for OMX/cmex/m/n on input line 103.
LaTeX Font Info:    ... okay on input line 103.
LaTeX Font Info:    Checking defaults for U/cmr/m/n on input line 103.
LaTeX Font Info:    ... okay on input line 103.
LaTeX Font Info:    Try loading font information for OT1+ptm on input line 103.

 (c:/texlive/2015/texmf-dist/tex/latex/psnfss/ot1ptm.fd
File: ot1ptm.fd 2001/06/04 font definitions for OT1/ptm.
) (c:/texlive/2015/texmf-dist/tex/context/base/supp-pdf.mkii
[Loading MPS to PDF converter (version 2006.09.02).]
\scratchcounter=\count134
\scratchdimen=\dimen136
\scratchbox=\box57
\nofMPsegments=\count135
\nofMParguments=\count136
\everyMPshowfont=\toks31
\MPscratchCnt=\count137
\MPscratchDim=\dimen137
\MPnumerator=\count138
\makeMPintoPDFobject=\count139
\everyMPtoPDFconversion=\toks32
)
Package caption Info: Begin \AtBeginDocument code.
Package caption Info: subfig package v1.3 is loaded.
Package caption Info: End \AtBeginDocument code.
LaTeX Font Info:    Font shape `OT1/ptm/bx/n' in size <17.28> not available
(Font)              Font shape `OT1/ptm/b/n' tried instead on input line 108.
LaTeX Font Info:    Try loading font information for OT1+phv on input line 108.

 (c:/texlive/2015/texmf-dist/tex/latex/psnfss/ot1phv.fd
File: ot1phv.fd 2001/06/04 scalable font definitions for OT1/phv.
) [1

{c:/texlive/2015/texmf-var/fonts/map/pdftex/updmap/pdftex.map}]
Overfull \hbox (3.11295pt too wide) in paragraph at lines 130--131
\OT1/ptm/m/n/12 We have in-vivo and in-vitro data from 93 clin-i-cal trial par-
tic-i-pants who re-ceived Tax-ane chemother-
 []


Underfull \hbox (badness 10000) in paragraph at lines 130--131

 []

LaTeX Font Info:    Try loading font information for OMS+ptm on input line 134.

(c:/texlive/2015/texmf-dist/tex/latex/psnfss/omsptm.fd
File: omsptm.fd 
)
LaTeX Font Info:    Font shape `OMS/ptm/m/n' in size <12> not available
(Font)              Font shape `OMS/cmsy/m/n' tried instead on input line 134.

<Figures/CompositeCurve.png, id=9, 508.7808pt x 368.577pt>
File: Figures/CompositeCurve.png Graphic file (type png)

<use Figures/CompositeCurve.png>
Package pdftex.def Info: Figures/CompositeCurve.png used on input line 142.
(pdftex.def)             Requested size: 399.29463pt x 289.27733pt.

Underfull \hbox (badness 10000) in paragraph at lines 144--145

 []

[2 <./Figures/CompositeCurve.png>]
Underfull \hbox (badness 10000) in paragraph at lines 146--147

 []


Underfull \hbox (badness 10000) in paragraph at lines 173--175

 []

LaTeX Font Info:    Font shape `OT1/ptm/bx/n' in size <14.4> not available
(Font)              Font shape `OT1/ptm/b/n' tried instead on input line 179.

Underfull \hbox (badness 10000) in paragraph at lines 182--183

 []

[3] <Figures/QC2.png, id=19, 262.581pt x 262.581pt>
File: Figures/QC2.png Graphic file (type png)
 <use Figures/QC2.png>
Package pdftex.def Info: Figures/QC2.png used on input line 183.
(pdftex.def)             Requested size: 211.38832pt x 211.38727pt.

<Figures/QC3.png, id=20, 262.0992pt x 262.0992pt>
File: Figures/QC3.png Graphic file (type png)
 <use Figures/QC3.png>
Package pdftex.def Info: Figures/QC3.png used on input line 183.
(pdftex.def)             Requested size: 211.38832pt x 211.39133pt.

<Figures/QC1.png, id=21, 262.0992pt x 262.0992pt>
File: Figures/QC1.png Graphic file (type png)
 <use Figures/QC1.png>
Package pdftex.def Info: Figures/QC1.png used on input line 183.
(pdftex.def)             Requested size: 211.38832pt x 211.39133pt.

<Figures/QC4.png, id=22, 262.0992pt x 262.0992pt>
File: Figures/QC4.png Graphic file (type png)
 <use Figures/QC4.png>
Package pdftex.def Info: Figures/QC4.png used on input line 183.
(pdftex.def)             Requested size: 211.38832pt x 211.39133pt.


LaTeX Warning: `h' float specifier changed to `ht'.

[4 <./Figures/QC2.png> <./Figures/QC3.png> <./Figures/QC1.png> <./Figures/QC4.p
ng>] <Figures/X450boxplot.png, id=30, 481.8pt x 481.8pt>
File: Figures/X450boxplot.png Graphic file (type png)

<use Figures/X450boxplot.png>
Package pdftex.def Info: Figures/X450boxplot.png used on input line 190.
(pdftex.def)             Requested size: 184.9429pt x 184.9385pt.

<Figures/Gradebarplot.png, id=31, 481.8pt x 481.8pt>
File: Figures/Gradebarplot.png Graphic file (type png)

<use Figures/Gradebarplot.png>
Package pdftex.def Info: Figures/Gradebarplot.png used on input line 193.
(pdftex.def)             Requested size: 184.9429pt x 184.9385pt.

<Figures/contCor.pdf, id=32, 505.89pt x 505.89pt>
File: Figures/contCor.pdf Graphic file (type pdf)
 <use Figures/contCor.pdf>
Package pdftex.def Info: Figures/contCor.pdf used on input line 198.
(pdftex.def)             Requested size: 399.29463pt x 399.30135pt.


LaTeX Warning: `h' float specifier changed to `ht'.

<Figures/CramerV.pdf, id=33, 505.89pt x 505.89pt>
File: Figures/CramerV.pdf Graphic file (type pdf)
 <use Figures/CramerV.pdf>
Package pdftex.def Info: Figures/CramerV.pdf used on input line 204.
(pdftex.def)             Requested size: 399.29463pt x 399.30135pt.


LaTeX Warning: `h' float specifier changed to `ht'.

<Figures/etaSQ.pdf, id=34, 505.89pt x 505.89pt>
File: Figures/etaSQ.pdf Graphic file (type pdf)
 <use Figures/etaSQ.pdf>
Package pdftex.def Info: Figures/etaSQ.pdf used on input line 210.
(pdftex.def)             Requested size: 399.29463pt x 399.30135pt.


LaTeX Warning: `h' float specifier changed to `ht'.

<Figures/pairPlot.png, id=35, 481.8pt x 481.8pt>
File: Figures/pairPlot.png Graphic file (type png)
 <use Figures/pairPlot.png>
Package pdftex.def Info: Figures/pairPlot.png used on input line 215.
(pdftex.def)             Requested size: 399.29463pt x 399.30576pt.


LaTeX Warning: `h' float specifier changed to `ht'.

<Figures/pcaResponseClassLoadings.pdf, id=36, 505.89pt x 505.89pt>
File: Figures/pcaResponseClassLoadings.pdf Graphic file (type pdf)

<use Figures/pcaResponseClassLoadings.pdf>
Package pdftex.def Info: Figures/pcaResponseClassLoadings.pdf used on input lin
e 223.
(pdftex.def)             Requested size: 211.38832pt x 211.39165pt.

<Figures/pcaResponseClass.png, id=37, 481.8pt x 481.8pt>
File: Figures/pcaResponseClass.png Graphic file (type png)

<use Figures/pcaResponseClass.png>
Package pdftex.def Info: Figures/pcaResponseClass.png used on input line 226.
(pdftex.def)             Requested size: 211.38832pt x 211.38246pt.


LaTeX Warning: `h' float specifier changed to `ht'.

LaTeX Font Info:    Try loading font information for U+msa on input line 229.
(c:/texlive/2015/texmf-dist/tex/latex/amsfonts/umsa.fd
File: umsa.fd 2013/01/14 v3.01 AMS symbols A
)
LaTeX Font Info:    Try loading font information for U+msb on input line 229.

(c:/texlive/2015/texmf-dist/tex/latex/amsfonts/umsb.fd
File: umsb.fd 2013/01/14 v3.01 AMS symbols B
)
Underfull \hbox (badness 10000) in paragraph at lines 229--230

 []

[5

 <./Figures/X450boxplot.png> <./Figures/Gradebarplot.png>] [6 <./Figures/contCo
r.pdf>] [7 <./Figures/CramerV.pdf>] [8 <./Figures/etaSQ.pdf>]
Underfull \hbox (badness 10000) in paragraph at lines 246--247

 []

[9 <./Figures/pairPlot.png>]
Underfull \hbox (badness 10000) in paragraph at lines 250--251

 []

[10 <./Figures/pcaResponseClassLoadings.pdf> <./Figures/pcaResponseClass.png>]
Underfull \hbox (badness 10000) in paragraph at lines 252--253

 []

LaTeX Font Info:    Font shape `OT1/ptm/bx/n' in size <12> not available
(Font)              Font shape `OT1/ptm/b/n' tried instead on input line 254.

Underfull \hbox (badness 10000) in paragraph at lines 336--337

 []

[11] <Figures/DRcorr.png, id=90, 162.8484pt x 225.9642pt>
File: Figures/DRcorr.png Graphic file (type png)

<use Figures/DRcorr.png>
Package pdftex.def Info: Figures/DRcorr.png used on input line 370.
(pdftex.def)             Requested size: 164.41711pt x 228.14616pt.

Underfull \hbox (badness 4739) in paragraph at lines 370--370
[]\OT1/ptm/m/n/10 (a) |Cor-re-la-tion be-tween dose-response
 []

File: Figures/Gradebarplot.png Graphic file (type png)
<use Figures/Gradebarplot.png>
Package pdftex.def Info: Figures/Gradebarplot.png used on input line 370.
(pdftex.def)             Requested size: 211.38832pt x 211.38246pt.

<Figures/EmptyCell.png, id=91, 361.35pt x 361.35pt>
File: Figures/EmptyCell.png Graphic file (type png)

<use Figures/EmptyCell.png>
Package pdftex.def Info: Figures/EmptyCell.png used on input line 370.
(pdftex.def)             Requested size: 211.38832pt x 211.38614pt.


LaTeX Warning: `h' float specifier changed to `ht'.

<Figures/Contrast.png, id=92, 744.381pt x 90.0966pt>
File: Figures/Contrast.png Graphic file (type png)

<use Figures/Contrast.png>
Package pdftex.def Info: Figures/Contrast.png used on input line 370.
(pdftex.def)             Requested size: 446.26582pt x 54.013pt.

<Figures/boxplots.png, id=93, 1072.75781pt x 383.93437pt>
File: Figures/boxplots.png Graphic file (type png)

<use Figures/boxplots.png>
Package pdftex.def Info: Figures/boxplots.png used on input line 370.
(pdftex.def)             Requested size: 446.26582pt x 159.71643pt.


LaTeX Warning: `h' float specifier changed to `ht'.

<Figures/Race_Smoke.png, id=94, 481.8pt x 481.8pt>
File: Figures/Race_Smoke.png Graphic file (type png)

<use Figures/Race_Smoke.png>
Package pdftex.def Info: Figures/Race_Smoke.png used on input line 370.
(pdftex.def)             Requested size: 211.38832pt x 211.38246pt.

<Figures/2wayMANOVA.png, id=95, 769.785pt x 183.96pt>
File: Figures/2wayMANOVA.png Graphic file (type png)

<use Figures/2wayMANOVA.png>
Package pdftex.def Info: Figures/2wayMANOVA.png used on input line 370.
(pdftex.def)             Requested size: 211.38832pt x 50.51476pt.


LaTeX Warning: `h' float specifier changed to `ht'.

[12] [13] [14 <./Figures/DRcorr.png> <./Figures/EmptyCell.png>] [15 <./Figures/
Contrast.png> <./Figures/boxplots.png> <./Figures/Race_Smoke.png> <./Figures/2w
ayMANOVA.png>] [16

]
<Figures/TreeSizeTune.png, id=117, 692.5875pt x 484.05844pt>
File: Figures/TreeSizeTune.png Graphic file (type png)

<use Figures/TreeSizeTune.png>
Package pdftex.def Info: Figures/TreeSizeTune.png used on input line 450.
(pdftex.def)             Requested size: 211.38832pt x 147.73732pt.

<Figures/RegressTree.png, id=118, 491.97133pt x 344.21933pt>
File: Figures/RegressTree.png Graphic file (type png)

<use Figures/RegressTree.png>
Package pdftex.def Info: Figures/RegressTree.png used on input line 450.
(pdftex.def)             Requested size: 399.29463pt x 279.37288pt.


LaTeX Warning: `h' float specifier changed to `ht'.

[17 <./Figures/TreeSizeTune.png> <./Figures/RegressTree.png>]
<Figures/RFtune.png, id=124, 591.1686pt x 330.5148pt>
File: Figures/RFtune.png Graphic file (type png)
 <use Figures/RFtune.png>
Package pdftex.def Info: Figures/RFtune.png used on input line 450.
(pdftex.def)             Requested size: 258.36668pt x 144.44856pt.

<Figures/RFpredVStrue.png, id=125, 692.5875pt x 484.05844pt>
File: Figures/RFpredVStrue.png Graphic file (type png)

<use Figures/RFpredVStrue.png>
Package pdftex.def Info: Figures/RFpredVStrue.png used on input line 450.
(pdftex.def)             Requested size: 211.38832pt x 147.73732pt.

<Figures/RFvarImport.png, id=126, 692.5875pt x 484.05844pt>
File: Figures/RFvarImport.png Graphic file (type png)

<use Figures/RFvarImport.png>
Package pdftex.def Info: Figures/RFvarImport.png used on input line 450.
(pdftex.def)             Requested size: 399.29463pt x 279.07744pt.

Overfull \hbox (11.99998pt too wide) in paragraph at lines 450--450
 [][][] 
 []


LaTeX Warning: `h' float specifier changed to `ht'.

[18 <./Figures/RFtune.png> <./Figures/RFpredVStrue.png> <./Figures/RFvarImport.
png>] [19


] [20] [21] (./MotsingerReport.aux) ) 
Here is how much of TeX's memory you used:
 4810 strings out of 493054
 69445 string characters out of 6138326
 146999 words of memory out of 5000000
 8213 multiletter control sequences out of 15000+600000
 25145 words of font info for 59 fonts, out of 8000000 for 9000
 1141 hyphenation exceptions out of 8191
 44i,11n,47p,2382b,385s stack positions out of 5000i,500n,10000p,200000b,80000s
{c:/texlive/2015/texmf-dist/fonts/enc/dvip
s/base/8r.enc}<c:/texlive/2015/texmf-dist/fonts/type1/public/amsfonts/cm/cmmi12
.pfb><c:/texlive/2015/texmf-dist/fonts/type1/public/amsfonts/cm/cmr8.pfb><c:/te
xlive/2015/texmf-dist/fonts/type1/public/amsfonts/cm/cmsy10.pfb><c:/texlive/201
5/texmf-dist/fonts/type1/urw/helvetic/uhvr8a.pfb><c:/texlive/2015/texmf-dist/fo
nts/type1/urw/times/utmb8a.pfb><c:/texlive/2015/texmf-dist/fonts/type1/urw/time
s/utmr8a.pfb><c:/texlive/2015/texmf-dist/fonts/type1/urw/times/utmri8a.pfb>
Output written on MotsingerReport.pdf (21 pages, 804510 bytes).
PDF statistics:
 168 PDF objects out of 1000 (max. 8388607)
 90 compressed objects within 1 object stream
 0 named destinations out of 1000 (max. 500000)
 121 words of extra memory for PDF output out of 10000 (max. 10000000)

